<?xml version="1.0" encoding="UTF-8"?>
<!-- Generated by org.testng.reporters.JUnitReportReporter -->
<testsuite hostname="DESKTOP-78NR8IK" failures="0" tests="1" name="test.TestNGException" time="0.013" errors="0" timestamp="2021-07-19T11:37:22 EDT" skipped="0">
  <testcase classname="test.TestNGException" name="testException" time="0.013"/>
  <system-out/>
</testsuite> <!-- test.TestNGException -->
