<?xml version="1.0" encoding="UTF-8"?>
<!-- Generated by org.testng.reporters.JUnitReportReporter -->
<testsuite hostname="DESKTOP-78NR8IK" failures="0" tests="1" name="test.Testng_Demo" time="5.071" errors="0" timestamp="2021-07-18T17:44:06 EDT" skipped="0">
  <testcase classname="test.Testng_Demo" name="googleSearch" time="5.071"/>
  <system-out/>
</testsuite> <!-- test.Testng_Demo -->
